<?xml version="1.0" encoding="UTF-8"?>
<!-- Generated by org.testng.reporters.JUnitXMLReporter -->
<testsuite ignored="0" hostname="del1-lhp-n82106" failures="0" tests="5" name="Default test" time="10.853" errors="0" timestamp="2022-09-14T11:04:49 IST">
  <testcase classname="Com.Automation.Test.Books_POST_Method" name="create" time="4.807"/>
  <testcase classname="Com.Automation.Test.Books_POST_Method" name="create" time="1.485"/>
  <testcase classname="Com.Automation.Test.Books_POST_Method" name="create" time="0.959"/>
  <testcase classname="Com.Automation.Test.Books_POST_Method" name="create" time="0.942"/>
  <testcase classname="Com.Automation.Test.Books_POST_Method" name="create" time="1.046"/>
</testsuite> <!-- Default test -->
