<?xml version="1.0" encoding="UTF-8"?>
<testng-results ignored="0" total="5" passed="5" failed="0" skipped="0">
  <reporter-output>
  </reporter-output>
  <suite started-at="2022-09-14T11:04:38 IST" name="Default suite" finished-at="2022-09-14T11:04:49 IST" duration-ms="10853">
    <groups>
    </groups>
    <test started-at="2022-09-14T11:04:38 IST" name="Default test" finished-at="2022-09-14T11:04:49 IST" duration-ms="10853">
      <class name="Com.Automation.Test.Books_POST_Method">
        <test-method signature="create()[pri:0, instance:Com.Automation.Test.Books_POST_Method@29d89d5d]" started-at="2022-09-14T11:04:38 IST" name="create" finished-at="2022-09-14T11:04:43 IST" duration-ms="4807" status="PASS">
          <reporter-output>
          </reporter-output>
        </test-method> <!-- create -->
        <test-method signature="create(java.lang.String,java.lang.String,java.lang.String,java.lang.String,java.lang.String,java.lang.String)[pri:0, instance:Com.Automation.Test.Books_POST_Method@29d89d5d]" started-at="2022-09-14T11:04:44 IST" name="create" data-provider="req_body" finished-at="2022-09-14T11:04:46 IST" duration-ms="1485" status="PASS">
          <params>
            <param index="0">
              <value>
                <![CDATA[45]]>
              </value>
            </param>
            <param index="1">
              <value>
                <![CDATA[Mathematics-1]]>
              </value>
            </param>
            <param index="2">
              <value>
                <![CDATA[SimpleMaths-1]]>
              </value>
            </param>
            <param index="3">
              <value>
                <![CDATA[400]]>
              </value>
            </param>
            <param index="4">
              <value>
                <![CDATA[All ok ok-1]]>
              </value>
            </param>
            <param index="5">
              <value>
                <![CDATA[2022-08-29T04:53:50.470Z]]>
              </value>
            </param>
          </params>
          <reporter-output>
          </reporter-output>
        </test-method> <!-- create -->
        <test-method signature="create(java.lang.String,java.lang.String,java.lang.String,java.lang.String,java.lang.String,java.lang.String)[pri:0, instance:Com.Automation.Test.Books_POST_Method@29d89d5d]" started-at="2022-09-14T11:04:46 IST" name="create" data-provider="req_body" finished-at="2022-09-14T11:04:47 IST" duration-ms="959" status="PASS">
          <params>
            <param index="0">
              <value>
                <![CDATA[46]]>
              </value>
            </param>
            <param index="1">
              <value>
                <![CDATA[Mathematics-2]]>
              </value>
            </param>
            <param index="2">
              <value>
                <![CDATA[SimpleMaths-2]]>
              </value>
            </param>
            <param index="3">
              <value>
                <![CDATA[401]]>
              </value>
            </param>
            <param index="4">
              <value>
                <![CDATA[All ok ok-2]]>
              </value>
            </param>
            <param index="5">
              <value>
                <![CDATA[2023-08-29T04:53:50.470Z]]>
              </value>
            </param>
          </params>
          <reporter-output>
          </reporter-output>
        </test-method> <!-- create -->
        <test-method signature="create(java.lang.String,java.lang.String,java.lang.String,java.lang.String,java.lang.String,java.lang.String)[pri:0, instance:Com.Automation.Test.Books_POST_Method@29d89d5d]" started-at="2022-09-14T11:04:47 IST" name="create" data-provider="req_body" finished-at="2022-09-14T11:04:48 IST" duration-ms="942" status="PASS">
          <params>
            <param index="0">
              <value>
                <![CDATA[47]]>
              </value>
            </param>
            <param index="1">
              <value>
                <![CDATA[Mathematics-3]]>
              </value>
            </param>
            <param index="2">
              <value>
                <![CDATA[SimpleMaths-3]]>
              </value>
            </param>
            <param index="3">
              <value>
                <![CDATA[402]]>
              </value>
            </param>
            <param index="4">
              <value>
                <![CDATA[All ok ok-3]]>
              </value>
            </param>
            <param index="5">
              <value>
                <![CDATA[2024-08-29T04:53:50.470Z]]>
              </value>
            </param>
          </params>
          <reporter-output>
          </reporter-output>
        </test-method> <!-- create -->
        <test-method signature="create(java.lang.String,java.lang.String,java.lang.String,java.lang.String,java.lang.String,java.lang.String)[pri:0, instance:Com.Automation.Test.Books_POST_Method@29d89d5d]" started-at="2022-09-14T11:04:48 IST" name="create" data-provider="req_body" finished-at="2022-09-14T11:04:49 IST" duration-ms="1046" status="PASS">
          <params>
            <param index="0">
              <value>
                <![CDATA[48]]>
              </value>
            </param>
            <param index="1">
              <value>
                <![CDATA[Mathematics-4]]>
              </value>
            </param>
            <param index="2">
              <value>
                <![CDATA[SimpleMaths-4]]>
              </value>
            </param>
            <param index="3">
              <value>
                <![CDATA[403]]>
              </value>
            </param>
            <param index="4">
              <value>
                <![CDATA[All ok ok-4]]>
              </value>
            </param>
            <param index="5">
              <value>
                <![CDATA[2025-08-29T04:53:50.470Z]]>
              </value>
            </param>
          </params>
          <reporter-output>
          </reporter-output>
        </test-method> <!-- create -->
      </class> <!-- Com.Automation.Test.Books_POST_Method -->
    </test> <!-- Default test -->
  </suite> <!-- Default suite -->
</testng-results>
